<?xml version="1.0" encoding="utf-8"?><testsuites name="pytest tests"><testsuite name="pytest" errors="0" failures="0" skipped="0" tests="31" time="3.778" timestamp="2026-02-25T05:06:18.204721+00:00" hostname="agent-env-6c175018-671e-4a45-8b3a-bc17fb80dc77"><testcase classname="backend.tests.test_p1_features.TestTeacherCourseCRUD" name="test_create_course" time="1.029" /><testcase classname="backend.tests.test_p1_features.TestTeacherCourseCRUD" name="test_get_created_course" time="0.050" /><testcase classname="backend.tests.test_p1_features.TestTeacherCourseCRUD" name="test_update_course" time="0.103" /><testcase classname="backend.tests.test_p1_features.TestTeacherModuleCRUD" name="test_add_module_to_course" time="0.055" /><testcase classname="backend.tests.test_p1_features.TestTeacherModuleCRUD" name="test_verify_module_in_course" time="0.056" /><testcase classname="backend.tests.test_p1_features.TestTeacherModuleCRUD" name="test_add_second_module" time="0.118" /><testcase classname="backend.tests.test_p1_features.TestTeacherModuleCRUD" name="test_delete_module" time="0.147" /><testcase classname="backend.tests.test_p1_features.TestTeacherQuizCRUD" name="test_create_quiz" time="0.049" /><testcase classname="backend.tests.test_p1_features.TestTeacherQuizCRUD" name="test_verify_quiz_in_course" time="0.050" /><testcase classname="backend.tests.test_p1_features.TestTeacherQuizCRUD" name="test_delete_quiz" time="0.102" /><testcase classname="backend.tests.test_p1_features.TestTeacherCourseDelete" name="test_delete_course" time="0.108" /><testcase classname="backend.tests.test_p1_features.TestAdminUserCRUD" name="test_create_user" time="0.276" /><testcase classname="backend.tests.test_p1_features.TestAdminUserCRUD" name="test_verify_user_created" time="0.058" /><testcase classname="backend.tests.test_p1_features.TestAdminUserCRUD" name="test_new_user_can_login" time="0.278" /><testcase classname="backend.tests.test_p1_features.TestAdminUserCRUD" name="test_change_user_role" time="0.128" /><testcase classname="backend.tests.test_p1_features.TestAdminUserCRUD" name="test_delete_user" time="0.104" /><testcase classname="backend.tests.test_p1_features.TestAdminUserCRUD" name="test_deleted_user_cannot_login" time="0.062" /><testcase classname="backend.tests.test_p1_features.TestAdminUserValidation" name="test_create_user_missing_fields" time="0.054" /><testcase classname="backend.tests.test_p1_features.TestAdminUserValidation" name="test_create_duplicate_email" time="0.048" /><testcase classname="backend.tests.test_p1_features.TestAdminUserValidation" name="test_change_to_invalid_role" time="0.111" /><testcase classname="backend.tests.test_p1_features.TestAdminUserValidation" name="test_admin_cannot_delete_self" time="0.048" /><testcase classname="backend.tests.test_p1_features.TestLibrarianInventory" name="test_search_books_by_title" time="0.050" /><testcase classname="backend.tests.test_p1_features.TestLibrarianInventory" name="test_search_books_by_author" time="0.053" /><testcase classname="backend.tests.test_p1_features.TestLibrarianInventory" name="test_filter_books_by_category_academic" time="0.048" /><testcase classname="backend.tests.test_p1_features.TestLibrarianInventory" name="test_filter_books_by_category_leisure" time="0.050" /><testcase classname="backend.tests.test_p1_features.TestLibrarianInventory" name="test_combined_search_and_filter" time="0.050" /><testcase classname="backend.tests.test_p1_features.TestLibrarianBookCRUD" name="test_create_book" time="0.056" /><testcase classname="backend.tests.test_p1_features.TestLibrarianBookCRUD" name="test_update_book" time="0.109" /><testcase classname="backend.tests.test_p1_features.TestLibrarianBookCRUD" name="test_delete_book" time="0.102" /><testcase classname="backend.tests.test_p1_features.TestLibrarianBorrowManagement" name="test_librarian_can_view_all_borrows" time="0.060" /><testcase classname="backend.tests.test_p1_features.TestLibrarianBorrowManagement" name="test_borrow_statuses_exist" time="0.059" /></testsuite></testsuites>