<?xml version="1.0" encoding="utf-8"?><testsuites name="pytest tests"><testsuite name="pytest" errors="0" failures="0" skipped="0" tests="27" time="5.066" timestamp="2026-02-25T04:44:50.924983+00:00" hostname="agent-env-6c175018-671e-4a45-8b3a-bc17fb80dc77"><testcase classname="backend.tests.test_lms_api.TestHealthAndAuth" name="test_schools_endpoint" time="0.160" /><testcase classname="backend.tests.test_lms_api.TestHealthAndAuth" name="test_books_endpoint_public" time="0.053" /><testcase classname="backend.tests.test_lms_api.TestHealthAndAuth" name="test_courses_endpoint_public" time="0.051" /><testcase classname="backend.tests.test_lms_api.TestHealthAndAuth" name="test_admin_login" time="0.291" /><testcase classname="backend.tests.test_lms_api.TestHealthAndAuth" name="test_student_login" time="0.274" /><testcase classname="backend.tests.test_lms_api.TestHealthAndAuth" name="test_parent_login" time="0.287" /><testcase classname="backend.tests.test_lms_api.TestHealthAndAuth" name="test_teacher_login" time="0.276" /><testcase classname="backend.tests.test_lms_api.TestHealthAndAuth" name="test_librarian_login" time="0.285" /><testcase classname="backend.tests.test_lms_api.TestHealthAndAuth" name="test_invalid_login" time="0.060" /><testcase classname="backend.tests.test_lms_api.TestSchoolBasedLogin" name="test_school_verify_teacher" time="0.336" /><testcase classname="backend.tests.test_lms_api.TestSchoolBasedLogin" name="test_school_verify_invalid_domain" time="0.170" /><testcase classname="backend.tests.test_lms_api.TestStudentDashboard" name="test_student_enrollments" time="1.707" /><testcase classname="backend.tests.test_lms_api.TestStudentDashboard" name="test_student_borrows" time="0.053" /><testcase classname="backend.tests.test_lms_api.TestStudentDashboard" name="test_student_badges" time="0.051" /><testcase classname="backend.tests.test_lms_api.TestStudentDashboard" name="test_student_quiz_results" time="0.051" /><testcase classname="backend.tests.test_lms_api.TestStudentDashboard" name="test_student_performance_report" time="0.054" /><testcase classname="backend.tests.test_lms_api.TestParentDashboard" name="test_parent_children" time="0.061" /><testcase classname="backend.tests.test_lms_api.TestParentDashboard" name="test_parent_child_progress" time="0.053" /><testcase classname="backend.tests.test_lms_api.TestTeacherDashboard" name="test_teacher_analytics" time="0.051" /><testcase classname="backend.tests.test_lms_api.TestTeacherDashboard" name="test_teacher_courses" time="0.054" /><testcase classname="backend.tests.test_lms_api.TestLibrarianDashboard" name="test_librarian_all_borrows" time="0.058" /><testcase classname="backend.tests.test_lms_api.TestLibrarianDashboard" name="test_librarian_create_book" time="0.116" /><testcase classname="backend.tests.test_lms_api.TestAdminDashboard" name="test_admin_analytics" time="0.070" /><testcase classname="backend.tests.test_lms_api.TestAdminDashboard" name="test_admin_users_list" time="0.062" /><testcase classname="backend.tests.test_lms_api.TestRoleBasedAccess" name="test_student_cannot_access_admin_analytics" time="0.066" /><testcase classname="backend.tests.test_lms_api.TestRoleBasedAccess" name="test_student_cannot_create_books" time="0.048" /><testcase classname="backend.tests.test_lms_api.TestRoleBasedAccess" name="test_teacher_cannot_access_admin_analytics" time="0.060" /></testsuite></testsuites>